<?xml version="1.0" encoding="UTF-8"?>
<!-- Generated by org.testng.reporters.JUnitReportReporter -->
<testsuite skipped="0" hostname="QCLAP1063-Rakshith" name="com.crm.qa.testcases.e2eTestCase" tests="1" failures="0" timestamp="29 Jan 2020 06:16:29 GMT" time="41.248" errors="0">
  <testcase name="e2eTest" time="41.248" classname="com.crm.qa.testcases.e2eTestCase"/>
</testsuite> <!-- com.crm.qa.testcases.e2eTestCase -->
